# JRE version: Java(TM) SE Runtime Environment (8.0_241-b07) (build 1.8.0_241-b07)
# Java VM: Java HotSpot(TM) 64-Bit Server VM (25.241-b07 mixed mode bsd-amd64 compressed oops)
Heap:
 PSYoungGen      total 821248K, used 754176K [0x0000000715580000, 0x0000000766580000, 0x00000007c0000000)
  eden space 754176K, 100% used [0x0000000715580000,0x0000000743600000,0x0000000743600000)
  from space 67072K, 0% used [0x0000000743600000,0x0000000743600000,0x0000000747780000)
  to   space 70656K, 0% used [0x0000000762080000,0x0000000762080000,0x0000000766580000)
 ParOldGen       total 483840K, used 123013K [0x00000005c0000000, 0x00000005dd880000, 0x0000000715580000)
  object space 483840K, 25% used [0x00000005c0000000,0x00000005c78216c8,0x00000005dd880000)
 Metaspace       used 41152K, capacity 41667K, committed 42112K, reserved 1085440K
  class space    used 5344K, capacity 5502K, committed 5504K, reserved 1048576K
GC Heap History (10 events):
Event: 5.017 GC heap before
{Heap before GC invocations=5 (full 1):
 PSYoungGen      total 332800K, used 307200K [0x0000000715580000, 0x000000073df80000, 0x00000007c0000000)
  eden space 307200K, 100% used [0x0000000715580000,0x0000000728180000,0x0000000728180000)
  from space 25600K, 0% used [0x0000000728180000,0x0000000728180000,0x0000000729a80000)
  to   space 25600K, 0% used [0x000000073c680000,0x000000073c680000,0x000000073df80000)
 ParOldGen       total 409600K, used 58221K [0x00000005c0000000, 0x00000005d9000000, 0x0000000715580000)
  object space 409600K, 14% used [0x00000005c0000000,0x00000005c38db4c8,0x00000005d9000000)
 Metaspace       used 23719K, capacity 24122K, committed 24320K, reserved 1071104K
  class space    used 2867K, capacity 3020K, committed 3072K, reserved 1048576K
Event: 5.033 GC heap after
Heap after GC invocations=5 (full 1):
 PSYoungGen      total 509440K, used 25584K [0x0000000715580000, 0x000000073df80000, 0x00000007c0000000)
  eden space 483840K, 0% used [0x0000000715580000,0x0000000715580000,0x0000000732e00000)
  from space 25600K, 99% used [0x000000073c680000,0x000000073df7c178,0x000000073df80000)
  to   space 25600K, 0% used [0x000000073ad80000,0x000000073ad80000,0x000000073c680000)
 ParOldGen       total 409600K, used 60248K [0x00000005c0000000, 0x00000005d9000000, 0x0000000715580000)
  object space 409600K, 14% used [0x00000005c0000000,0x00000005c3ad63c8,0x00000005d9000000)
 Metaspace       used 23719K, capacity 24122K, committed 24320K, reserved 1071104K
  class space    used 2867K, capacity 3020K, committed 3072K, reserved 1048576K
}
Event: 6.375 GC heap before
{Heap before GC invocations=6 (full 1):
 PSYoungGen      total 509440K, used 509424K [0x0000000715580000, 0x000000073df80000, 0x00000007c0000000)
  eden space 483840K, 100% used [0x0000000715580000,0x0000000732e00000,0x0000000732e00000)
  from space 25600K, 99% used [0x000000073c680000,0x000000073df7c178,0x000000073df80000)
  to   space 25600K, 0% used [0x000000073ad80000,0x000000073ad80000,0x000000073c680000)
 ParOldGen       total 409600K, used 60248K [0x00000005c0000000, 0x00000005d9000000, 0x0000000715580000)
  object space 409600K, 14% used [0x00000005c0000000,0x00000005c3ad63c8,0x00000005d9000000)
 Metaspace       used 26398K, capacity 26886K, committed 27136K, reserved 1073152K
  class space    used 3141K, capacity 3318K, committed 3328K, reserved 1048576K
Event: 6.400 GC heap after
Heap after GC invocations=6 (full 1):
 PSYoungGen      total 640000K, used 25582K [0x0000000715580000, 0x000000074b800000, 0x00000007c0000000)
  eden space 614400K, 0% used [0x0000000715580000,0x0000000715580000,0x000000073ad80000)
  from space 25600K, 99% used [0x000000073ad80000,0x000000073c67bbd0,0x000000073c680000)
  to   space 66048K, 0% used [0x0000000747780000,0x0000000747780000,0x000000074b800000)
 ParOldGen       total 409600K, used 88334K [0x00000005c0000000, 0x00000005d9000000, 0x0000000715580000)
  object space 409600K, 21% used [0x00000005c0000000,0x00000005c5643898,0x00000005d9000000)
 Metaspace       used 26398K, capacity 26886K, committed 27136K, reserved 1073152K
  class space    used 3141K, capacity 3318K, committed 3328K, reserved 1048576K
}
Event: 8.253 GC heap before
{Heap before GC invocations=7 (full 1):
 PSYoungGen      total 640000K, used 639982K [0x0000000715580000, 0x000000074b800000, 0x00000007c0000000)
  eden space 614400K, 100% used [0x0000000715580000,0x000000073ad80000,0x000000073ad80000)
  from space 25600K, 99% used [0x000000073ad80000,0x000000073c67bbd0,0x000000073c680000)
  to   space 66048K, 0% used [0x0000000747780000,0x0000000747780000,0x000000074b800000)
 ParOldGen       total 409600K, used 88334K [0x00000005c0000000, 0x00000005d9000000, 0x0000000715580000)
  object space 409600K, 21% used [0x00000005c0000000,0x00000005c5643898,0x00000005d9000000)
 Metaspace       used 31468K, capacity 31994K, committed 32384K, reserved 1077248K
  class space    used 4017K, capacity 4188K, committed 4224K, reserved 1048576K
Event: 8.276 GC heap after
Heap after GC invocations=7 (full 1):
 PSYoungGen      total 820224K, used 48239K [0x0000000715580000, 0x0000000756f80000, 0x00000007c0000000)
  eden space 754176K, 0% used [0x0000000715580000,0x0000000715580000,0x0000000743600000)
  from space 66048K, 73% used [0x0000000747780000,0x000000074a69be98,0x000000074b800000)
  to   space 67072K, 0% used [0x0000000743600000,0x0000000743600000,0x0000000747780000)
 ParOldGen       total 409600K, used 88342K [0x00000005c0000000, 0x00000005d9000000, 0x0000000715580000)
  object space 409600K, 21% used [0x00000005c0000000,0x00000005c5645898,0x00000005d9000000)
 Metaspace       used 31468K, capacity 31994K, committed 32384K, reserved 1077248K
  class space    used 4017K, capacity 4188K, committed 4224K, reserved 1048576K
}
Event: 8.982 GC heap before
{Heap before GC invocations=8 (full 1):
 PSYoungGen      total 820224K, used 403339K [0x0000000715580000, 0x0000000756f80000, 0x00000007c0000000)
  eden space 754176K, 47% used [0x0000000715580000,0x000000072b046fd0,0x0000000743600000)
  from space 66048K, 73% used [0x0000000747780000,0x000000074a69be98,0x000000074b800000)
  to   space 67072K, 0% used [0x0000000743600000,0x0000000743600000,0x0000000747780000)
 ParOldGen       total 409600K, used 88342K [0x00000005c0000000, 0x00000005d9000000, 0x0000000715580000)
  object space 409600K, 21% used [0x00000005c0000000,0x00000005c5645898,0x00000005d9000000)
 Metaspace       used 34779K, capacity 35212K, committed 35496K, reserved 1079296K
  class space    used 4686K, capacity 4833K, committed 4864K, reserved 1048576K
Event: 9.006 GC heap after
Heap after GC invocations=8 (full 1):
 PSYoungGen      total 821248K, used 55138K [0x0000000715580000, 0x0000000766580000, 0x00000007c0000000)
  eden space 754176K, 0% used [0x0000000715580000,0x0000000715580000,0x0000000743600000)
  from space 67072K, 82% used [0x0000000743600000,0x0000000746bd8808,0x0000000747780000)
  to   space 70656K, 0% used [0x0000000762080000,0x0000000762080000,0x0000000766580000)
 ParOldGen       total 409600K, used 88350K [0x00000005c0000000, 0x00000005d9000000, 0x0000000715580000)
  object space 409600K, 21% used [0x00000005c0000000,0x00000005c5647898,0x00000005d9000000)
 Metaspace       used 34779K, capacity 35212K, committed 35496K, reserved 1079296K
  class space    used 4686K, capacity 4833K, committed 4864K, reserved 1048576K
}
Event: 9.006 GC heap before
{Heap before GC invocations=9 (full 2):
 PSYoungGen      total 821248K, used 55138K [0x0000000715580000, 0x0000000766580000, 0x00000007c0000000)
  eden space 754176K, 0% used [0x0000000715580000,0x0000000715580000,0x0000000743600000)
  from space 67072K, 82% used [0x0000000743600000,0x0000000746bd8808,0x0000000747780000)
  to   space 70656K, 0% used [0x0000000762080000,0x0000000762080000,0x0000000766580000)
 ParOldGen       total 409600K, used 88350K [0x00000005c0000000, 0x00000005d9000000, 0x0000000715580000)
  object space 409600K, 21% used [0x00000005c0000000,0x00000005c5647898,0x00000005d9000000)
 Metaspace       used 34779K, capacity 35212K, committed 35496K, reserved 1079296K
  class space    used 4686K, capacity 4833K, committed 4864K, reserved 1048576K
Event: 9.154 GC heap after
Heap after GC invocations=9 (full 2):
 PSYoungGen      total 821248K, used 0K [0x0000000715580000, 0x0000000766580000, 0x00000007c0000000)
  eden space 754176K, 0% used [0x0000000715580000,0x0000000715580000,0x0000000743600000)
  from space 67072K, 0% used [0x0000000743600000,0x0000000743600000,0x0000000747780000)
  to   space 70656K, 0% used [0x0000000762080000,0x0000000762080000,0x0000000766580000)
 ParOldGen       total 483840K, used 123013K [0x00000005c0000000, 0x00000005dd880000, 0x0000000715580000)
  object space 483840K, 25% used [0x00000005c0000000,0x00000005c78216c8,0x00000005dd880000)
 Metaspace       used 34779K, capacity 35212K, committed 35496K, reserved 1079296K
  class space    used 4686K, capacity 4833K, committed 4864K, reserved 1048576K
}

